<?xml version="1.0" encoding="UTF-8"?>
<robot generator="Robot 7.4.1 (Python 3.13.9 on win32)" generated="2026-02-04T13:32:11.889721" rpa="false" schemaversion="5">
<suite id="s1" name="Lab8 5" source="C:\Users\ChxraWish\Documents\clone\Lab8_5">
<suite id="s1-s1" name="Tests" source="C:\Users\ChxraWish\Documents\clone\Lab8_5\tests">
<suite id="s1-s1-s1" name="Lab8" source="C:\Users\ChxraWish\Documents\clone\Lab8_5\tests\Lab8.robot">
<test id="s1-s1-s1-t1" name="Open Google Page" line="5">
<kw name="Open Browser To Login Page">
<kw name="Evaluate" owner="BuiltIn">
<msg time="2026-02-04T13:32:12.137353" level="INFO">${chrome_options} = &lt;selenium.webdriver.chrome.options.Options object at 0x000001DF6B5146E0&gt;</msg>
<var>${chrome_options}</var>
<arg>sys.modules['selenium.webdriver'].ChromeOptions()</arg>
<arg>sys</arg>
<doc>Evaluates the given expression in Python and returns the result.</doc>
<status status="PASS" start="2026-02-04T13:32:12.136818" elapsed="0.000682"/>
</kw>
<kw name="Call Method" owner="BuiltIn">
<arg>${chrome_options}</arg>
<arg>add_argument</arg>
<arg>--disable-dev-shm-usage</arg>
<doc>Calls the named method of the given object with the provided arguments.</doc>
<status status="PASS" start="2026-02-04T13:32:12.137655" elapsed="0.000374"/>
</kw>
<kw name="Call Method" owner="BuiltIn">
<arg>${chrome_options}</arg>
<arg>add_argument</arg>
<arg>--headless</arg>
<doc>Calls the named method of the given object with the provided arguments.</doc>
<status status="PASS" start="2026-02-04T13:32:12.138142" elapsed="0.000289"/>
</kw>
<kw name="Create Webdriver" owner="SeleniumLibrary">
<msg time="2026-02-04T13:32:12.138772" level="INFO">Creating an instance of the Chrome WebDriver.</msg>
<arg>Chrome</arg>
<arg>options=${chrome_options}</arg>
<doc>Creates an instance of Selenium WebDriver.</doc>
<status status="PASS" start="2026-02-04T13:32:12.138547" elapsed="2.048828"/>
</kw>
<kw name="Go To" owner="SeleniumLibrary">
<msg time="2026-02-04T13:32:14.187870" level="INFO">Opening url 'https://computing.kku.ac.th'</msg>
<arg>https://computing.kku.ac.th</arg>
<doc>Navigates the current browser window to the provided ``url``.</doc>
<status status="PASS" start="2026-02-04T13:32:14.187559" elapsed="1.832801"/>
</kw>
<status status="PASS" start="2026-02-04T13:32:12.136147" elapsed="3.884391"/>
</kw>
<status status="PASS" start="2026-02-04T13:32:12.133294" elapsed="3.887531"/>
</test>
<status status="PASS" start="2026-02-04T13:32:11.952283" elapsed="4.072657"/>
</suite>
<status status="PASS" start="2026-02-04T13:32:11.948954" elapsed="4.078394"/>
</suite>
<status status="PASS" start="2026-02-04T13:32:11.893798" elapsed="4.136348"/>
</suite>
<statistics>
<total>
<stat pass="1" fail="0" skip="0">All Tests</stat>
</total>
<tag>
</tag>
<suite>
<stat name="Lab8 5" id="s1" pass="1" fail="0" skip="0">Lab8 5</stat>
<stat name="Tests" id="s1-s1" pass="1" fail="0" skip="0">Lab8 5.Tests</stat>
<stat name="Lab8" id="s1-s1-s1" pass="1" fail="0" skip="0">Lab8 5.Tests.Lab8</stat>
</suite>
</statistics>
<errors>
</errors>
</robot>
